2015-08-24 18:43:03,585 [Thread-2:8852] [blog.views:23] [views:index] [ERROR]- global name 'Category' is not defined
2015-08-24 18:43:33,657 [Thread-3:8680] [blog.views:23] [views:index] [ERROR]- global name 'Category' is not defined
2015-08-24 18:46:33,749 [Thread-2:9156] [blog.views:22] [views:index] [ERROR]- global name 'Category' is not defined
2015-08-24 18:46:34,503 [Thread-3:5568] [blog.views:22] [views:index] [ERROR]- global name 'Category' is not defined
2015-08-24 18:46:34,720 [Thread-4:5468] [blog.views:22] [views:index] [ERROR]- global name 'Category' is not defined
2015-08-24 18:55:13,551 [Thread-2:4872] [blog.views:22] [views:index] [ERROR]- global name 'Category' is not defined
2015-08-24 18:55:29,999 [Thread-3:4648] [blog.views:22] [views:index] [ERROR]- global name 'Category' is not defined
2015-08-24 18:56:17,706 [Thread-2:8320] [blog.views:22] [views:index] [ERROR]- global name 'Category' is not defined
2015-08-24 18:56:50,780 [Thread-3:8612] [blog.views:22] [views:index] [ERROR]- global name 'Category' is not defined
2015-08-24 18:56:52,546 [Thread-4:5656] [blog.views:22] [views:index] [ERROR]- global name 'Category' is not defined
2015-08-24 18:56:52,930 [Thread-5:8920] [blog.views:22] [views:index] [ERROR]- global name 'Category' is not defined
2015-08-24 18:56:53,186 [Thread-6:9204] [blog.views:22] [views:index] [ERROR]- global name 'Category' is not defined
2015-08-24 19:05:51,834 [Thread-2:8644] [blog.views:22] [views:index] [ERROR]- global name 'Category' is not defined
2015-08-24 19:05:52,315 [Thread-3:8680] [blog.views:22] [views:index] [ERROR]- global name 'Category' is not defined
2015-08-24 19:05:52,648 [Thread-4:8416] [blog.views:22] [views:index] [ERROR]- global name 'Category' is not defined
2015-08-24 19:05:52,839 [Thread-5:6376] [blog.views:22] [views:index] [ERROR]- global name 'Category' is not defined
2015-08-24 19:05:53,003 [Thread-6:4608] [blog.views:22] [views:index] [ERROR]- global name 'Category' is not defined
2015-08-24 19:05:53,170 [Thread-7:8872] [blog.views:22] [views:index] [ERROR]- global name 'Category' is not defined
2015-08-24 19:06:03,417 [Thread-2:9016] [blog.views:22] [views:index] [ERROR]- global name 'Category' is not defined
2015-08-24 19:06:03,918 [Thread-3:8272] [blog.views:22] [views:index] [ERROR]- global name 'Category' is not defined
2015-08-24 19:06:04,130 [Thread-4:6852] [blog.views:22] [views:index] [ERROR]- global name 'Category' is not defined
2015-08-25 09:10:43,331 [Thread-2:4288] [blog.views:22] [views:index] [ERROR]- global name 'Category' is not defined
2015-08-25 09:49:28,769 [Thread-4:6384] [blog.views:22] [views:index] [ERROR]- global name 'Category' is not defined
2015-08-25 09:49:30,423 [Thread-5:7004] [blog.views:22] [views:index] [ERROR]- global name 'Category' is not defined
2015-08-25 09:49:30,657 [Thread-6:164] [blog.views:22] [views:index] [ERROR]- global name 'Category' is not defined
2015-08-25 09:49:30,862 [Thread-7:6692] [blog.views:22] [views:index] [ERROR]- global name 'Category' is not defined
2015-08-25 09:49:31,039 [Thread-8:6696] [blog.views:22] [views:index] [ERROR]- global name 'Category' is not defined
2015-08-25 10:21:38,049 [Thread-2:7192] [blog.views:22] [views:index] [ERROR]- global name 'Category' is not defined
2015-08-25 10:27:42,407 [Thread-2:6988] [blog.views:22] [views:index] [ERROR]- global name 'Category' is not defined
2015-08-25 10:28:11,891 [Thread-2:4352] [blog.views:22] [views:index] [ERROR]- global name 'Category' is not defined
2015-08-25 10:28:12,871 [Thread-3:8160] [blog.views:22] [views:index] [ERROR]- global name 'Category' is not defined
2015-08-25 10:28:13,323 [Thread-4:6568] [blog.views:22] [views:index] [ERROR]- global name 'Category' is not defined
2015-08-25 10:28:13,526 [Thread-5:4228] [blog.views:22] [views:index] [ERROR]- global name 'Category' is not defined
2015-08-25 10:28:28,966 [Thread-2:6360] [blog.views:22] [views:index] [ERROR]- global name 'Category' is not defined
2015-08-25 10:28:29,588 [Thread-3:7316] [blog.views:22] [views:index] [ERROR]- global name 'Category' is not defined
2015-08-25 10:28:29,825 [Thread-4:6612] [blog.views:22] [views:index] [ERROR]- global name 'Category' is not defined
2015-08-25 10:28:30,005 [Thread-5:5296] [blog.views:22] [views:index] [ERROR]- global name 'Category' is not defined
2015-08-25 10:29:01,746 [Thread-6:6800] [blog.views:22] [views:index] [ERROR]- global name 'Category' is not defined
2015-08-25 10:29:02,473 [Thread-7:7776] [blog.views:22] [views:index] [ERROR]- global name 'Category' is not defined
2015-08-25 10:29:02,732 [Thread-8:7436] [blog.views:22] [views:index] [ERROR]- global name 'Category' is not defined
2015-08-25 10:29:04,615 [Thread-9:6592] [blog.views:22] [views:index] [ERROR]- global name 'Category' is not defined
2015-08-25 10:29:05,058 [Thread-10:6352] [blog.views:22] [views:index] [ERROR]- global name 'Category' is not defined
2015-08-25 10:29:05,345 [Thread-11:6188] [blog.views:22] [views:index] [ERROR]- global name 'Category' is not defined
2015-08-25 10:31:58,421 [Thread-12:7380] [blog.views:22] [views:index] [ERROR]- global name 'Category' is not defined
2015-08-25 10:34:22,776 [Thread-13:7544] [blog.views:22] [views:index] [ERROR]- global name 'Category' is not defined
2015-08-25 10:34:23,111 [Thread-14:5396] [blog.views:22] [views:index] [ERROR]- global name 'Category' is not defined
2015-08-25 10:34:23,796 [Thread-15:2764] [blog.views:22] [views:index] [ERROR]- global name 'Category' is not defined
2015-08-25 10:34:24,198 [Thread-16:864] [blog.views:22] [views:index] [ERROR]- global name 'Category' is not defined
2015-08-25 10:37:14,687 [Thread-17:7828] [blog.views:22] [views:index] [ERROR]- global name 'Category' is not defined
2015-08-25 10:37:17,986 [Thread-18:6932] [blog.views:22] [views:index] [ERROR]- global name 'Category' is not defined
2015-08-25 10:37:18,351 [Thread-19:8004] [blog.views:22] [views:index] [ERROR]- global name 'Category' is not defined
2015-08-25 10:37:18,759 [Thread-20:6032] [blog.views:22] [views:index] [ERROR]- global name 'Category' is not defined
2015-08-25 10:37:19,128 [Thread-21:7860] [blog.views:22] [views:index] [ERROR]- global name 'Category' is not defined
2015-08-25 10:37:19,351 [Thread-22:6200] [blog.views:22] [views:index] [ERROR]- global name 'Category' is not defined
2015-08-25 10:37:19,617 [Thread-23:7964] [blog.views:22] [views:index] [ERROR]- global name 'Category' is not defined
2015-08-25 10:37:20,059 [Thread-24:5100] [blog.views:22] [views:index] [ERROR]- global name 'Category' is not defined
2015-08-25 10:37:20,398 [Thread-25:7800] [blog.views:22] [views:index] [ERROR]- global name 'Category' is not defined
2015-08-25 10:37:20,915 [Thread-26:988] [blog.views:22] [views:index] [ERROR]- global name 'Category' is not defined
2015-08-25 10:37:20,954 [Thread-27:2256] [blog.views:22] [views:index] [ERROR]- global name 'Category' is not defined
2015-08-25 10:37:20,983 [Thread-28:6392] [blog.views:22] [views:index] [ERROR]- global name 'Category' is not defined
2015-08-25 10:37:21,016 [Thread-29:1328] [blog.views:22] [views:index] [ERROR]- global name 'Category' is not defined
2015-08-25 10:37:21,052 [Thread-30:7352] [blog.views:22] [views:index] [ERROR]- global name 'Category' is not defined
2015-08-25 10:37:21,085 [Thread-31:7252] [blog.views:22] [views:index] [ERROR]- global name 'Category' is not defined
2015-08-25 10:37:21,118 [Thread-32:6808] [blog.views:22] [views:index] [ERROR]- global name 'Category' is not defined
2015-08-25 10:37:21,153 [Thread-33:6608] [blog.views:22] [views:index] [ERROR]- global name 'Category' is not defined
2015-08-25 10:37:21,187 [Thread-34:8044] [blog.views:22] [views:index] [ERROR]- global name 'Category' is not defined
2015-08-25 10:37:21,223 [Thread-35:6336] [blog.views:22] [views:index] [ERROR]- global name 'Category' is not defined
2015-08-25 10:37:21,257 [Thread-36:5984] [blog.views:22] [views:index] [ERROR]- global name 'Category' is not defined
2015-08-25 10:37:21,290 [Thread-37:6248] [blog.views:22] [views:index] [ERROR]- global name 'Category' is not defined
2015-08-25 10:37:21,329 [Thread-38:8172] [blog.views:22] [views:index] [ERROR]- global name 'Category' is not defined
2015-08-25 10:37:21,365 [Thread-39:6660] [blog.views:22] [views:index] [ERROR]- global name 'Category' is not defined
2015-08-25 10:37:21,395 [Thread-40:7744] [blog.views:22] [views:index] [ERROR]- global name 'Category' is not defined
2015-08-25 10:37:21,430 [Thread-41:3360] [blog.views:22] [views:index] [ERROR]- global name 'Category' is not defined
2015-08-25 10:37:21,464 [Thread-42:7544] [blog.views:22] [views:index] [ERROR]- global name 'Category' is not defined
2015-08-25 10:37:21,500 [Thread-43:5396] [blog.views:22] [views:index] [ERROR]- global name 'Category' is not defined
2015-08-25 10:37:21,562 [Thread-44:6720] [blog.views:22] [views:index] [ERROR]- global name 'Category' is not defined
2015-08-25 10:37:21,575 [Thread-45:2764] [blog.views:22] [views:index] [ERROR]- global name 'Category' is not defined
2015-08-25 10:37:21,611 [Thread-46:864] [blog.views:22] [views:index] [ERROR]- global name 'Category' is not defined
2015-08-25 10:37:21,648 [Thread-47:8032] [blog.views:22] [views:index] [ERROR]- global name 'Category' is not defined
2015-08-25 10:37:21,680 [Thread-48:6832] [blog.views:22] [views:index] [ERROR]- global name 'Category' is not defined
2015-08-25 10:37:21,719 [Thread-49:3412] [blog.views:22] [views:index] [ERROR]- global name 'Category' is not defined
2015-08-25 10:37:21,752 [Thread-50:7020] [blog.views:22] [views:index] [ERROR]- global name 'Category' is not defined
2015-08-25 10:37:21,788 [Thread-51:6268] [blog.views:22] [views:index] [ERROR]- global name 'Category' is not defined
2015-08-25 10:37:21,821 [Thread-52:5296] [blog.views:22] [views:index] [ERROR]- global name 'Category' is not defined
2015-08-25 10:37:21,895 [Thread-53:8156] [blog.views:22] [views:index] [ERROR]- global name 'Category' is not defined
2015-08-25 10:37:21,914 [Thread-54:8068] [blog.views:22] [views:index] [ERROR]- global name 'Category' is not defined
2015-08-25 10:37:21,924 [Thread-55:7140] [blog.views:22] [views:index] [ERROR]- global name 'Category' is not defined
2015-08-25 10:37:21,954 [Thread-56:7988] [blog.views:22] [views:index] [ERROR]- global name 'Category' is not defined
2015-08-25 10:37:21,993 [Thread-57:6568] [blog.views:22] [views:index] [ERROR]- global name 'Category' is not defined
2015-08-25 10:37:22,023 [Thread-58:7192] [blog.views:22] [views:index] [ERROR]- global name 'Category' is not defined
2015-08-25 10:37:22,058 [Thread-59:7804] [blog.views:22] [views:index] [ERROR]- global name 'Category' is not defined
2015-08-25 10:37:22,092 [Thread-60:8160] [blog.views:22] [views:index] [ERROR]- global name 'Category' is not defined
2015-08-25 10:37:22,130 [Thread-61:7048] [blog.views:22] [views:index] [ERROR]- global name 'Category' is not defined
2015-08-25 10:37:22,164 [Thread-62:5548] [blog.views:22] [views:index] [ERROR]- global name 'Category' is not defined
2015-08-25 10:37:22,200 [Thread-63:4352] [blog.views:22] [views:index] [ERROR]- global name 'Category' is not defined
2015-08-25 10:37:22,232 [Thread-64:8052] [blog.views:22] [views:index] [ERROR]- global name 'Category' is not defined
2015-08-25 10:37:22,270 [Thread-65:4248] [blog.views:22] [views:index] [ERROR]- global name 'Category' is not defined
2015-08-25 10:37:22,305 [Thread-66:6840] [blog.views:22] [views:index] [ERROR]- global name 'Category' is not defined
2015-08-25 10:37:22,338 [Thread-67:7028] [blog.views:22] [views:index] [ERROR]- global name 'Category' is not defined
2015-08-25 10:37:22,381 [Thread-68:6404] [blog.views:22] [views:index] [ERROR]- global name 'Category' is not defined
2015-08-25 10:37:22,411 [Thread-69:7736] [blog.views:22] [views:index] [ERROR]- global name 'Category' is not defined
2015-08-25 10:37:22,453 [Thread-70:8112] [blog.views:22] [views:index] [ERROR]- global name 'Category' is not defined
2015-08-25 10:37:22,483 [Thread-71:3160] [blog.views:22] [views:index] [ERROR]- global name 'Category' is not defined
2015-08-25 10:37:22,516 [Thread-72:728] [blog.views:22] [views:index] [ERROR]- global name 'Category' is not defined
2015-08-25 10:37:22,546 [Thread-73:2936] [blog.views:22] [views:index] [ERROR]- global name 'Category' is not defined
2015-08-25 10:37:22,786 [Thread-74:4228] [blog.views:22] [views:index] [ERROR]- global name 'Category' is not defined
2015-08-25 10:37:42,042 [Thread-75:5772] [blog.views:22] [views:index] [ERROR]- global name 'Category' is not defined
2015-08-25 10:37:42,423 [Thread-76:3148] [blog.views:22] [views:index] [ERROR]- global name 'Category' is not defined
2015-08-25 10:37:42,726 [Thread-77:4452] [blog.views:22] [views:index] [ERROR]- global name 'Category' is not defined
2015-08-25 10:37:43,407 [Thread-78:4320] [blog.views:22] [views:index] [ERROR]- global name 'Category' is not defined
2015-08-25 10:37:44,378 [Thread-79:7524] [blog.views:22] [views:index] [ERROR]- global name 'Category' is not defined
2015-08-25 10:37:44,948 [Thread-80:6540] [blog.views:22] [views:index] [ERROR]- global name 'Category' is not defined
2015-08-25 10:37:45,279 [Thread-81:7408] [blog.views:22] [views:index] [ERROR]- global name 'Category' is not defined
2015-08-25 10:37:45,555 [Thread-82:6312] [blog.views:22] [views:index] [ERROR]- global name 'Category' is not defined
2015-08-25 10:37:45,845 [Thread-83:4848] [blog.views:22] [views:index] [ERROR]- global name 'Category' is not defined
2015-08-25 10:37:46,144 [Thread-84:4944] [blog.views:22] [views:index] [ERROR]- global name 'Category' is not defined
2015-08-25 10:37:50,526 [Thread-85:6564] [blog.views:22] [views:index] [ERROR]- global name 'Category' is not defined
2015-08-25 10:38:11,746 [Thread-2:7392] [blog.views:22] [views:index] [ERROR]- global name 'Category' is not defined
2015-08-25 10:38:12,361 [Thread-3:7768] [blog.views:22] [views:index] [ERROR]- global name 'Category' is not defined
2015-08-25 10:38:12,565 [Thread-4:6508] [blog.views:22] [views:index] [ERROR]- global name 'Category' is not defined
2015-08-25 10:38:12,809 [Thread-5:5424] [blog.views:22] [views:index] [ERROR]- global name 'Category' is not defined
2015-08-25 10:38:22,690 [Thread-2:3040] [blog.views:22] [views:index] [ERROR]- global name 'Category' is not defined
2015-08-25 10:38:23,424 [Thread-3:5692] [blog.views:22] [views:index] [ERROR]- global name 'Category' is not defined
2015-08-25 10:38:57,073 [Thread-4:6552] [blog.views:22] [views:index] [ERROR]- global name 'Category' is not defined
2015-08-25 10:38:57,619 [Thread-5:7908] [blog.views:22] [views:index] [ERROR]- global name 'Category' is not defined
2015-08-25 10:38:57,835 [Thread-6:564] [blog.views:22] [views:index] [ERROR]- global name 'Category' is not defined
2015-08-25 10:38:58,362 [Thread-7:7728] [blog.views:22] [views:index] [ERROR]- global name 'Category' is not defined
2015-08-25 10:38:58,690 [Thread-8:6164] [blog.views:22] [views:index] [ERROR]- global name 'Category' is not defined
2015-08-25 10:38:59,085 [Thread-9:7348] [blog.views:22] [views:index] [ERROR]- global name 'Category' is not defined
2015-08-25 10:39:05,937 [Thread-10:6364] [blog.views:22] [views:index] [ERROR]- global name 'Category' is not defined
2015-08-25 10:39:06,674 [Thread-11:7144] [blog.views:22] [views:index] [ERROR]- global name 'Category' is not defined
2015-08-25 10:39:07,094 [Thread-12:5408] [blog.views:22] [views:index] [ERROR]- global name 'Category' is not defined
2015-08-25 10:39:07,380 [Thread-13:7428] [blog.views:22] [views:index] [ERROR]- global name 'Category' is not defined
2015-08-25 10:39:07,720 [Thread-14:7316] [blog.views:22] [views:index] [ERROR]- global name 'Category' is not defined
2015-08-25 10:39:08,244 [Thread-15:4896] [blog.views:22] [views:index] [ERROR]- global name 'Category' is not defined
2015-08-25 10:39:08,266 [Thread-16:3620] [blog.views:22] [views:index] [ERROR]- global name 'Category' is not defined
2015-08-25 10:39:08,292 [Thread-17:6176] [blog.views:22] [views:index] [ERROR]- global name 'Category' is not defined
2015-08-25 10:39:08,329 [Thread-18:3880] [blog.views:22] [views:index] [ERROR]- global name 'Category' is not defined
2015-08-25 10:39:08,364 [Thread-19:6992] [blog.views:22] [views:index] [ERROR]- global name 'Category' is not defined
2015-08-25 10:39:08,401 [Thread-20:5376] [blog.views:22] [views:index] [ERROR]- global name 'Category' is not defined
2015-08-25 10:39:08,434 [Thread-21:5804] [blog.views:22] [views:index] [ERROR]- global name 'Category' is not defined
2015-08-25 10:39:08,464 [Thread-22:6580] [blog.views:22] [views:index] [ERROR]- global name 'Category' is not defined
2015-08-25 10:39:08,502 [Thread-23:7916] [blog.views:22] [views:index] [ERROR]- global name 'Category' is not defined
2015-08-25 10:39:08,536 [Thread-24:6744] [blog.views:22] [views:index] [ERROR]- global name 'Category' is not defined
2015-08-25 10:39:08,571 [Thread-25:6272] [blog.views:22] [views:index] [ERROR]- global name 'Category' is not defined
2015-08-25 10:39:08,605 [Thread-26:7656] [blog.views:22] [views:index] [ERROR]- global name 'Category' is not defined
2015-08-25 10:39:08,907 [Thread-27:7308] [blog.views:22] [views:index] [ERROR]- global name 'Category' is not defined
2015-08-25 10:40:16,177 [Thread-28:3984] [blog.views:22] [views:index] [ERROR]- global name 'Category' is not defined
2015-08-25 10:40:20,082 [Thread-29:8060] [blog.views:22] [views:index] [ERROR]- global name 'Category' is not defined
2015-08-25 10:40:20,413 [Thread-30:2032] [blog.views:22] [views:index] [ERROR]- global name 'Category' is not defined
2015-08-25 10:40:20,615 [Thread-31:3964] [blog.views:22] [views:index] [ERROR]- global name 'Category' is not defined
2015-08-25 17:05:45,703 [Thread-2:6216] [blog.views:22] [views:index] [ERROR]- global name 'Category' is not defined
2015-08-27 11:21:19,773 [Thread-2:4916] [blog.views:40] [views:index] [ERROR]- 'Manager' object has no attribute 'distinct_date'
2015-08-27 11:21:21,545 [Thread-24:7584] [blog.views:40] [views:index] [ERROR]- 'Manager' object has no attribute 'distinct_date'
2015-08-27 13:42:54,046 [Thread-47:7928] [blog.views:40] [views:index] [ERROR]- 'Manager' object has no attribute 'distinct_date'
2015-08-27 13:43:27,226 [Thread-69:7220] [blog.views:40] [views:index] [ERROR]- 'Manager' object has no attribute 'distinct_date'
2015-08-29 15:45:10,378 [Thread-3:8432] [blog.views:41] [views:index] [ERROR]- (1146, "Table 'blogdb.blog_article' doesn't exist")
2015-08-29 17:25:57,769 [Thread-4:7944] [blog.views:58] [views:archive] [ERROR]- Cannot resolve keyword 'date_publish_icontains' into field. Choices are: category, category_id, click_count, comment, content, date_publish, desc, id, is_recommend, tag, title, user, user_id
2015-08-29 17:26:24,957 [Thread-2:5728] [blog.views:58] [views:archive] [ERROR]- Cannot resolve keyword 'date_publish_icontains' into field. Choices are: category, category_id, click_count, comment, content, date_publish, desc, id, is_recommend, tag, title, user, user_id
2015-08-29 17:27:11,105 [Thread-99:7276] [blog.views:58] [views:archive] [ERROR]- Cannot resolve keyword 'date_publish_icontains' into field. Choices are: category, category_id, click_count, comment, content, date_publish, desc, id, is_recommend, tag, title, user, user_id
2015-08-29 17:29:30,345 [Thread-102:7224] [blog.views:58] [views:archive] [ERROR]- Cannot resolve keyword 'date_publish_icontains' into field. Choices are: category, category_id, click_count, comment, content, date_publish, desc, id, is_recommend, tag, title, user, user_id
2015-08-29 17:29:45,634 [Thread-2:6484] [blog.views:58] [views:archive] [ERROR]- Cannot resolve keyword 'date_publish_icontains' into field. Choices are: category, category_id, click_count, comment, content, date_publish, desc, id, is_recommend, tag, title, user, user_id
2015-08-29 17:31:11,660 [Thread-3:6484] [blog.views:58] [views:archive] [ERROR]- Cannot resolve keyword 'date_publish_icontains' into field. Choices are: category, category_id, click_count, comment, content, date_publish, desc, id, is_recommend, tag, title, user, user_id
2015-08-29 17:32:30,948 [Thread-23:9076] [blog.views:58] [views:archive] [ERROR]- Cannot resolve keyword 'date_publish_icontains' into field. Choices are: category, category_id, click_count, comment, content, date_publish, desc, id, is_recommend, tag, title, user, user_id
2015-08-29 17:32:33,296 [Thread-41:3896] [blog.views:58] [views:archive] [ERROR]- Cannot resolve keyword 'date_publish_icontains' into field. Choices are: category, category_id, click_count, comment, content, date_publish, desc, id, is_recommend, tag, title, user, user_id
2015-08-29 17:32:33,684 [Thread-59:6828] [blog.views:58] [views:archive] [ERROR]- Cannot resolve keyword 'date_publish_icontains' into field. Choices are: category, category_id, click_count, comment, content, date_publish, desc, id, is_recommend, tag, title, user, user_id
2015-08-29 17:32:34,009 [Thread-77:9164] [blog.views:58] [views:archive] [ERROR]- Cannot resolve keyword 'date_publish_icontains' into field. Choices are: category, category_id, click_count, comment, content, date_publish, desc, id, is_recommend, tag, title, user, user_id
2015-08-29 17:32:48,607 [Thread-96:3556] [blog.views:58] [views:archive] [ERROR]- Cannot resolve keyword 'date_publish_icontains' into field. Choices are: category, category_id, click_count, comment, content, date_publish, desc, id, is_recommend, tag, title, user, user_id
2015-08-29 17:32:58,164 [Thread-137:8356] [blog.views:58] [views:archive] [ERROR]- Cannot resolve keyword 'date_publish_icontains' into field. Choices are: category, category_id, click_count, comment, content, date_publish, desc, id, is_recommend, tag, title, user, user_id
2015-08-29 17:33:34,236 [Thread-142:4348] [blog.views:58] [views:archive] [ERROR]- Cannot resolve keyword 'date_publish_icontains' into field. Choices are: category, category_id, click_count, comment, content, date_publish, desc, id, is_recommend, tag, title, user, user_id
2015-08-29 17:36:48,417 [Thread-162:7568] [blog.views:58] [views:archive] [ERROR]- Cannot resolve keyword 'date_publish_icontains' into field. Choices are: category, category_id, click_count, comment, content, date_publish, desc, id, is_recommend, tag, title, user, user_id
2015-08-29 17:37:03,727 [Thread-208:3712] [blog.views:58] [views:archive] [ERROR]- Cannot resolve keyword 'date_publish_icontains' into field. Choices are: category, category_id, click_count, comment, content, date_publish, desc, id, is_recommend, tag, title, user, user_id
2015-08-29 17:40:06,405 [Thread-211:7724] [blog.views:58] [views:archive] [ERROR]- Cannot resolve keyword 'date_publish_icontains' into field. Choices are: category, category_id, click_count, comment, content, date_publish, desc, id, is_recommend, tag, title, user, user_id
2015-08-29 17:40:39,470 [Thread-2:6256] [blog.views:53] [views:archive] [ERROR]- Cannot resolve keyword 'date_publish_icontains' into field. Choices are: category, category_id, click_count, comment, content, date_publish, desc, id, is_recommend, tag, title, user, user_id
2015-08-29 17:40:40,826 [Thread-20:8000] [blog.views:53] [views:archive] [ERROR]- Cannot resolve keyword 'date_publish_icontains' into field. Choices are: category, category_id, click_count, comment, content, date_publish, desc, id, is_recommend, tag, title, user, user_id
2015-08-29 17:43:01,720 [Thread-2:7328] [blog.views:58] [views:archive] [ERROR]- Cannot resolve keyword 'date_publish_icontains' into field. Choices are: category, category_id, click_count, comment, content, date_publish, desc, id, is_recommend, tag, title, user, user_id
2015-08-29 17:43:04,569 [Thread-20:2128] [blog.views:58] [views:archive] [ERROR]- Cannot resolve keyword 'date_publish_icontains' into field. Choices are: category, category_id, click_count, comment, content, date_publish, desc, id, is_recommend, tag, title, user, user_id
2015-08-29 17:43:12,155 [Thread-39:9108] [blog.views:58] [views:archive] [ERROR]- Cannot resolve keyword 'date_publish_icontains' into field. Choices are: category, category_id, click_count, comment, content, date_publish, desc, id, is_recommend, tag, title, user, user_id
2015-08-29 17:44:48,318 [Thread-45:6484] [blog.views:58] [views:archive] [ERROR]- Cannot resolve keyword 'date_publish_icontains' into field. Choices are: category, category_id, click_count, comment, content, date_publish, desc, id, is_recommend, tag, title, user, user_id
2015-08-29 17:44:49,427 [Thread-63:2272] [blog.views:58] [views:archive] [ERROR]- Cannot resolve keyword 'date_publish_icontains' into field. Choices are: category, category_id, click_count, comment, content, date_publish, desc, id, is_recommend, tag, title, user, user_id
2015-08-29 17:44:49,756 [Thread-80:7284] [blog.views:58] [views:archive] [ERROR]- Cannot resolve keyword 'date_publish_icontains' into field. Choices are: category, category_id, click_count, comment, content, date_publish, desc, id, is_recommend, tag, title, user, user_id
2015-08-29 17:46:16,197 [Thread-25:8340] [blog.views:59] [views:archive] [ERROR]- Cannot resolve keyword 'date_publish_icontains' into field. Choices are: category, category_id, click_count, comment, content, date_publish, desc, id, is_recommend, tag, title, user, user_id
2015-08-29 17:47:11,444 [Thread-30:8892] [blog.views:59] [views:archive] [ERROR]- Cannot resolve keyword 'date_publish_icontains' into field. Choices are: category, category_id, click_count, comment, content, date_publish, desc, id, is_recommend, tag, title, user, user_id
2015-08-29 17:47:12,769 [Thread-48:3564] [blog.views:59] [views:archive] [ERROR]- Cannot resolve keyword 'date_publish_icontains' into field. Choices are: category, category_id, click_count, comment, content, date_publish, desc, id, is_recommend, tag, title, user, user_id
2015-08-29 17:51:43,763 [Thread-71:8628] [blog.views:59] [views:archive] [ERROR]- Cannot resolve keyword 'date_publish_icontains' into field. Choices are: category, category_id, click_count, comment, content, date_publish, desc, id, is_recommend, tag, title, user, user_id
2015-08-29 17:52:12,792 [Thread-89:7232] [blog.views:59] [views:archive] [ERROR]- Cannot resolve keyword 'date_publish_icontains' into field. Choices are: category, category_id, click_count, comment, content, date_publish, desc, id, is_recommend, tag, title, user, user_id
2015-08-29 17:52:14,897 [Thread-107:9144] [blog.views:59] [views:archive] [ERROR]- Cannot resolve keyword 'date_publish_icontains' into field. Choices are: category, category_id, click_count, comment, content, date_publish, desc, id, is_recommend, tag, title, user, user_id
2015-08-29 17:52:18,698 [Thread-125:8764] [blog.views:59] [views:archive] [ERROR]- Cannot resolve keyword 'date_publish_icontains' into field. Choices are: category, category_id, click_count, comment, content, date_publish, desc, id, is_recommend, tag, title, user, user_id
2015-08-29 17:54:09,746 [Thread-130:1968] [blog.views:59] [views:archive] [ERROR]- Cannot resolve keyword 'date_publish_icontains' into field. Choices are: category, category_id, click_count, comment, content, date_publish, desc, id, is_recommend, tag, title, user, user_id
2015-08-29 17:56:14,911 [Thread-148:7556] [blog.views:59] [views:archive] [ERROR]- Cannot resolve keyword 'date_publish_icontains' into field. Choices are: category, category_id, click_count, comment, content, date_publish, desc, id, is_recommend, tag, title, user, user_id
2015-08-29 17:56:18,513 [Thread-170:7688] [blog.views:59] [views:archive] [ERROR]- Cannot resolve keyword 'date_publish_icontains' into field. Choices are: category, category_id, click_count, comment, content, date_publish, desc, id, is_recommend, tag, title, user, user_id
2015-08-29 17:57:23,690 [Thread-2:5780] [blog.views:60] [views:archive] [ERROR]- Cannot resolve keyword 'date_publish_icontains' into field. Choices are: category, category_id, click_count, comment, content, date_publish, desc, id, is_recommend, tag, title, user, user_id
2015-08-29 17:57:58,121 [Thread-24:8332] [blog.views:60] [views:archive] [ERROR]- Cannot resolve keyword 'date_publish_icontains' into field. Choices are: category, category_id, click_count, comment, content, date_publish, desc, id, is_recommend, tag, title, user, user_id
2015-08-29 17:59:07,724 [Thread-2:5800] [blog.views:61] [views:archive] [ERROR]- Cannot resolve keyword 'date_publish_icontains' into field. Choices are: category, category_id, click_count, comment, content, date_publish, desc, id, is_recommend, tag, title, user, user_id
2015-08-29 17:59:30,571 [Thread-49:4280] [blog.views:61] [views:archive] [ERROR]- Cannot resolve keyword 'date_publish_icontains' into field. Choices are: category, category_id, click_count, comment, content, date_publish, desc, id, is_recommend, tag, title, user, user_id
2015-08-29 18:00:22,976 [Thread-56:5004] [blog.views:61] [views:archive] [ERROR]- Cannot resolve keyword 'date_publish_icontains' into field. Choices are: category, category_id, click_count, comment, content, date_publish, desc, id, is_recommend, tag, title, user, user_id
2015-08-29 18:04:00,618 [Thread-2:9860] [blog.views:59] [views:archive] [ERROR]- Cannot resolve keyword 'date_publish_icontains' into field. Choices are: category, category_id, click_count, comment, content, date_publish, desc, id, is_recommend, tag, title, user, user_id
2015-08-29 18:11:13,388 [Thread-50:4132] [blog.views:59] [views:archive] [ERROR]- Cannot resolve keyword 'date_publish_icontains' into field. Choices are: category, category_id, click_count, comment, content, date_publish, desc, id, is_recommend, tag, title, user, user_id
2015-08-29 18:12:29,858 [Thread-52:8888] [blog.views:59] [views:archive] [ERROR]- Cannot resolve keyword 'date_publish_icontains' into field. Choices are: category, category_id, click_count, comment, content, date_publish, desc, id, is_recommend, tag, title, user, user_id
2015-08-29 18:14:15,131 [Thread-53:4132] [blog.views:59] [views:archive] [ERROR]- Cannot resolve keyword 'date_publish_icontains' into field. Choices are: category, category_id, click_count, comment, content, date_publish, desc, id, is_recommend, tag, title, user, user_id
2015-08-29 18:14:21,359 [Thread-71:8064] [blog.views:59] [views:archive] [ERROR]- Cannot resolve keyword 'date_publish_icontains' into field. Choices are: category, category_id, click_count, comment, content, date_publish, desc, id, is_recommend, tag, title, user, user_id
2015-08-29 18:15:21,792 [Thread-76:6828] [blog.views:59] [views:archive] [ERROR]- Cannot resolve keyword 'date_publish_icontains' into field. Choices are: category, category_id, click_count, comment, content, date_publish, desc, id, is_recommend, tag, title, user, user_id
2015-08-29 18:17:17,479 [Thread-2:9624] [blog.views:60] [views:archive] [ERROR]- Cannot resolve keyword 'date_publish_icontains' into field. Choices are: category, category_id, click_count, comment, content, date_publish, desc, id, is_recommend, tag, title, user, user_id
2015-08-29 18:18:08,496 [Thread-2:8216] [blog.views:61] [views:archive] [ERROR]- Cannot resolve keyword 'date_publish_icontains' into field. Choices are: category, category_id, click_count, comment, content, date_publish, desc, id, is_recommend, tag, title, user, user_id
2015-08-29 18:18:45,289 [Thread-2:9620] [blog.views:62] [views:archive] [ERROR]- Cannot resolve keyword 'date_publish_icontains' into field. Choices are: category, category_id, click_count, comment, content, date_publish, desc, id, is_recommend, tag, title, user, user_id
2015-08-29 19:52:54,710 [Thread-4:9736] [blog.views:67] [views:archive] [ERROR]- Cannot resolve keyword 'date_publish_icontains' into field. Choices are: category, category_id, click_count, comment, content, date_publish, desc, id, is_recommend, tag, title, user, user_id
2015-08-29 19:53:10,007 [Thread-47:9496] [blog.views:67] [views:archive] [ERROR]- Cannot resolve keyword 'date_publish_icontains' into field. Choices are: category, category_id, click_count, comment, content, date_publish, desc, id, is_recommend, tag, title, user, user_id
2015-08-29 19:57:35,421 [Thread-2:1212] [blog.views:58] [views:archive] [ERROR]- Cannot resolve keyword 'date_publish_icontains' into field. Choices are: category, category_id, click_count, comment, content, date_publish, desc, id, is_recommend, tag, title, user, user_id
2015-08-29 19:57:36,582 [Thread-21:10096] [blog.views:58] [views:archive] [ERROR]- Cannot resolve keyword 'date_publish_icontains' into field. Choices are: category, category_id, click_count, comment, content, date_publish, desc, id, is_recommend, tag, title, user, user_id
2015-08-29 19:57:37,892 [Thread-40:7232] [blog.views:58] [views:archive] [ERROR]- Cannot resolve keyword 'date_publish_icontains' into field. Choices are: category, category_id, click_count, comment, content, date_publish, desc, id, is_recommend, tag, title, user, user_id
2015-08-29 19:57:38,253 [Thread-59:7312] [blog.views:58] [views:archive] [ERROR]- Cannot resolve keyword 'date_publish_icontains' into field. Choices are: category, category_id, click_count, comment, content, date_publish, desc, id, is_recommend, tag, title, user, user_id
2015-08-29 19:57:38,730 [Thread-78:9868] [blog.views:58] [views:archive] [ERROR]- Cannot resolve keyword 'date_publish_icontains' into field. Choices are: category, category_id, click_count, comment, content, date_publish, desc, id, is_recommend, tag, title, user, user_id
2015-08-29 19:57:39,049 [Thread-97:8536] [blog.views:58] [views:archive] [ERROR]- Cannot resolve keyword 'date_publish_icontains' into field. Choices are: category, category_id, click_count, comment, content, date_publish, desc, id, is_recommend, tag, title, user, user_id
2015-08-29 19:57:39,164 [Thread-98:9344] [blog.views:58] [views:archive] [ERROR]- Cannot resolve keyword 'date_publish_icontains' into field. Choices are: category, category_id, click_count, comment, content, date_publish, desc, id, is_recommend, tag, title, user, user_id
2015-08-29 19:57:39,351 [Thread-104:8148] [blog.views:58] [views:archive] [ERROR]- Cannot resolve keyword 'date_publish_icontains' into field. Choices are: category, category_id, click_count, comment, content, date_publish, desc, id, is_recommend, tag, title, user, user_id
2015-08-29 19:59:45,167 [Thread-2:9552] [blog.views:53] [views:archive] [ERROR]- Cannot resolve keyword 'date_publish_icontains' into field. Choices are: category, category_id, click_count, comment, content, date_publish, desc, id, is_recommend, tag, title, user, user_id
2015-08-30 14:56:08,671 [Thread-12:15060] [blog.views:108] [views:article] [ERROR]- global name 'CommentForm' is not defined
2015-08-30 14:56:23,709 [Thread-39:14448] [blog.views:108] [views:article] [ERROR]- global name 'CommentForm' is not defined
2015-08-30 14:57:42,243 [Thread-48:4564] [blog.views:108] [views:article] [ERROR]- global name 'CommentForm' is not defined
2015-08-30 14:57:45,901 [Thread-73:11768] [blog.views:185] [views:do_login] [ERROR]- global name 'LoginForm' is not defined
2015-08-30 14:57:49,871 [Thread-75:13744] [blog.views:161] [views:do_reg] [ERROR]- global name 'RegForm' is not defined
2015-08-30 14:57:53,970 [Thread-76:11836] [blog.views:161] [views:do_reg] [ERROR]- global name 'RegForm' is not defined
2015-08-30 14:57:59,160 [Thread-78:17416] [blog.views:185] [views:do_login] [ERROR]- global name 'LoginForm' is not defined
2015-08-30 14:58:06,538 [Thread-80:17892] [blog.views:185] [views:do_login] [ERROR]- global name 'LoginForm' is not defined
2015-08-30 14:58:12,177 [Thread-82:12284] [blog.views:127] [views:comment_post] [ERROR]- global name 'CommentForm' is not defined
2015-08-30 14:58:12,226 [Thread-83:17360] [blog.views:108] [views:article] [ERROR]- global name 'CommentForm' is not defined
2015-08-30 14:58:39,516 [Thread-108:13044] [blog.views:108] [views:article] [ERROR]- global name 'CommentForm' is not defined
2015-08-30 15:00:12,476 [Thread-114:4064] [blog.views:108] [views:article] [ERROR]- global name 'CommentForm' is not defined
2015-08-30 15:00:14,055 [Thread-138:5564] [blog.views:108] [views:article] [ERROR]- global name 'CommentForm' is not defined
2015-08-30 15:00:35,216 [Thread-162:19308] [blog.views:108] [views:article] [ERROR]- global name 'CommentForm' is not defined
2015-08-30 15:01:32,795 [Thread-186:15084] [blog.views:108] [views:article] [ERROR]- global name 'CommentForm' is not defined
2015-08-30 15:02:08,979 [Thread-208:5144] [blog.views:108] [views:article] [ERROR]- global name 'CommentForm' is not defined
2015-08-30 15:02:20,801 [Thread-231:6708] [blog.views:108] [views:article] [ERROR]- global name 'CommentForm' is not defined
2015-08-30 15:02:26,447 [Thread-238:6452] [blog.views:108] [views:article] [ERROR]- global name 'CommentForm' is not defined
2015-08-30 20:07:46,858 [Thread-240:10380] [blog.views:108] [views:article] [ERROR]- global name 'CommentForm' is not defined
2015-08-30 20:44:18,838 [Thread-2:6328] [blog.views:108] [views:article] [ERROR]- too many values to unpack
2015-08-30 20:44:27,323 [Thread-24:14844] [blog.views:108] [views:article] [ERROR]- too many values to unpack
